Determining if the pthread_create exist failed with the following output:
Change Dir: /home/alexge/Workspace/Distributed-System/Spark/01-ML-theory/03-robotics/05-self-driving-car/05-visual-slam/06-visual-odometry-using-optical-flow/workspace/build/CMakeFiles/CMakeTmp

Run Build Command:"/usr/bin/make" "cmTC_5d64c/fast"
/usr/bin/make -f CMakeFiles/cmTC_5d64c.dir/build.make CMakeFiles/cmTC_5d64c.dir/build
make[1]: Entering directory '/home/alexge/Workspace/Distributed-System/Spark/01-ML-theory/03-robotics/05-self-driving-car/05-visual-slam/06-visual-odometry-using-optical-flow/workspace/build/CMakeFiles/CMakeTmp'
Building C object CMakeFiles/cmTC_5d64c.dir/CheckSymbolExists.c.o
/usr/bin/cc    -fPIC    -o CMakeFiles/cmTC_5d64c.dir/CheckSymbolExists.c.o   -c /home/alexge/Workspace/Distributed-System/Spark/01-ML-theory/03-robotics/05-self-driving-car/05-visual-slam/06-visual-odometry-using-optical-flow/workspace/build/CMakeFiles/CMakeTmp/CheckSymbolExists.c
Linking C executable cmTC_5d64c
/usr/bin/cmake -E cmake_link_script CMakeFiles/cmTC_5d64c.dir/link.txt --verbose=1
/usr/bin/cc  -fPIC     CMakeFiles/cmTC_5d64c.dir/CheckSymbolExists.c.o  -o cmTC_5d64c 
CMakeFiles/cmTC_5d64c.dir/CheckSymbolExists.c.o: In function `main':
CheckSymbolExists.c:(.text+0x1b): undefined reference to `pthread_create'
collect2: error: ld returned 1 exit status
CMakeFiles/cmTC_5d64c.dir/build.make:97: recipe for target 'cmTC_5d64c' failed
make[1]: *** [cmTC_5d64c] Error 1
make[1]: Leaving directory '/home/alexge/Workspace/Distributed-System/Spark/01-ML-theory/03-robotics/05-self-driving-car/05-visual-slam/06-visual-odometry-using-optical-flow/workspace/build/CMakeFiles/CMakeTmp'
Makefile:126: recipe for target 'cmTC_5d64c/fast' failed
make: *** [cmTC_5d64c/fast] Error 2

File /home/alexge/Workspace/Distributed-System/Spark/01-ML-theory/03-robotics/05-self-driving-car/05-visual-slam/06-visual-odometry-using-optical-flow/workspace/build/CMakeFiles/CMakeTmp/CheckSymbolExists.c:
/* */
#include <pthread.h>

int main(int argc, char** argv)
{
  (void)argv;
#ifndef pthread_create
  return ((int*)(&pthread_create))[argc];
#else
  (void)argc;
  return 0;
#endif
}

Determining if the function pthread_create exists in the pthreads failed with the following output:
Change Dir: /home/alexge/Workspace/Distributed-System/Spark/01-ML-theory/03-robotics/05-self-driving-car/05-visual-slam/06-visual-odometry-using-optical-flow/workspace/build/CMakeFiles/CMakeTmp

Run Build Command:"/usr/bin/make" "cmTC_40efb/fast"
/usr/bin/make -f CMakeFiles/cmTC_40efb.dir/build.make CMakeFiles/cmTC_40efb.dir/build
make[1]: Entering directory '/home/alexge/Workspace/Distributed-System/Spark/01-ML-theory/03-robotics/05-self-driving-car/05-visual-slam/06-visual-odometry-using-optical-flow/workspace/build/CMakeFiles/CMakeTmp'
Building C object CMakeFiles/cmTC_40efb.dir/CheckFunctionExists.c.o
/usr/bin/cc    -fPIC -DCHECK_FUNCTION_EXISTS=pthread_create   -o CMakeFiles/cmTC_40efb.dir/CheckFunctionExists.c.o   -c /usr/share/cmake-3.5/Modules/CheckFunctionExists.c
Linking C executable cmTC_40efb
/usr/bin/cmake -E cmake_link_script CMakeFiles/cmTC_40efb.dir/link.txt --verbose=1
/usr/bin/cc  -fPIC -DCHECK_FUNCTION_EXISTS=pthread_create    CMakeFiles/cmTC_40efb.dir/CheckFunctionExists.c.o  -o cmTC_40efb -lpthreads 
/usr/bin/ld: cannot find -lpthreads
collect2: error: ld returned 1 exit status
CMakeFiles/cmTC_40efb.dir/build.make:97: recipe for target 'cmTC_40efb' failed
make[1]: *** [cmTC_40efb] Error 1
make[1]: Leaving directory '/home/alexge/Workspace/Distributed-System/Spark/01-ML-theory/03-robotics/05-self-driving-car/05-visual-slam/06-visual-odometry-using-optical-flow/workspace/build/CMakeFiles/CMakeTmp'
Makefile:126: recipe for target 'cmTC_40efb/fast' failed
make: *** [cmTC_40efb/fast] Error 2


