Determining if the pthread_create exist failed with the following output:
Change Dir: /home/alexge/Workspace/Distributed-System/Spark/01-ML-theory/03-robotics/05-self-driving-car/05-visual-slam/08-imu/standard/build/CMakeFiles/CMakeTmp

Run Build Command:"/usr/bin/make" "cmTC_8784e/fast"
/usr/bin/make -f CMakeFiles/cmTC_8784e.dir/build.make CMakeFiles/cmTC_8784e.dir/build
make[1]: Entering directory '/home/alexge/Workspace/Distributed-System/Spark/01-ML-theory/03-robotics/05-self-driving-car/05-visual-slam/08-imu/standard/build/CMakeFiles/CMakeTmp'
Building C object CMakeFiles/cmTC_8784e.dir/CheckSymbolExists.c.o
/usr/bin/cc    -fPIC    -o CMakeFiles/cmTC_8784e.dir/CheckSymbolExists.c.o   -c /home/alexge/Workspace/Distributed-System/Spark/01-ML-theory/03-robotics/05-self-driving-car/05-visual-slam/08-imu/standard/build/CMakeFiles/CMakeTmp/CheckSymbolExists.c
Linking C executable cmTC_8784e
/usr/bin/cmake -E cmake_link_script CMakeFiles/cmTC_8784e.dir/link.txt --verbose=1
/usr/bin/cc  -fPIC     CMakeFiles/cmTC_8784e.dir/CheckSymbolExists.c.o  -o cmTC_8784e -rdynamic 
CMakeFiles/cmTC_8784e.dir/CheckSymbolExists.c.o: In function `main':
CheckSymbolExists.c:(.text+0x1b): undefined reference to `pthread_create'
collect2: error: ld returned 1 exit status
CMakeFiles/cmTC_8784e.dir/build.make:97: recipe for target 'cmTC_8784e' failed
make[1]: *** [cmTC_8784e] Error 1
make[1]: Leaving directory '/home/alexge/Workspace/Distributed-System/Spark/01-ML-theory/03-robotics/05-self-driving-car/05-visual-slam/08-imu/standard/build/CMakeFiles/CMakeTmp'
Makefile:126: recipe for target 'cmTC_8784e/fast' failed
make: *** [cmTC_8784e/fast] Error 2

File /home/alexge/Workspace/Distributed-System/Spark/01-ML-theory/03-robotics/05-self-driving-car/05-visual-slam/08-imu/standard/build/CMakeFiles/CMakeTmp/CheckSymbolExists.c:
/* */
#include <pthread.h>

int main(int argc, char** argv)
{
  (void)argv;
#ifndef pthread_create
  return ((int*)(&pthread_create))[argc];
#else
  (void)argc;
  return 0;
#endif
}

Determining if the function pthread_create exists in the pthreads failed with the following output:
Change Dir: /home/alexge/Workspace/Distributed-System/Spark/01-ML-theory/03-robotics/05-self-driving-car/05-visual-slam/08-imu/standard/build/CMakeFiles/CMakeTmp

Run Build Command:"/usr/bin/make" "cmTC_8583c/fast"
/usr/bin/make -f CMakeFiles/cmTC_8583c.dir/build.make CMakeFiles/cmTC_8583c.dir/build
make[1]: Entering directory '/home/alexge/Workspace/Distributed-System/Spark/01-ML-theory/03-robotics/05-self-driving-car/05-visual-slam/08-imu/standard/build/CMakeFiles/CMakeTmp'
Building C object CMakeFiles/cmTC_8583c.dir/CheckFunctionExists.c.o
/usr/bin/cc    -fPIC -DCHECK_FUNCTION_EXISTS=pthread_create   -o CMakeFiles/cmTC_8583c.dir/CheckFunctionExists.c.o   -c /usr/share/cmake-3.5/Modules/CheckFunctionExists.c
Linking C executable cmTC_8583c
/usr/bin/cmake -E cmake_link_script CMakeFiles/cmTC_8583c.dir/link.txt --verbose=1
/usr/bin/cc  -fPIC -DCHECK_FUNCTION_EXISTS=pthread_create    CMakeFiles/cmTC_8583c.dir/CheckFunctionExists.c.o  -o cmTC_8583c -rdynamic -lpthreads 
/usr/bin/ld: cannot find -lpthreads
collect2: error: ld returned 1 exit status
CMakeFiles/cmTC_8583c.dir/build.make:97: recipe for target 'cmTC_8583c' failed
make[1]: *** [cmTC_8583c] Error 1
make[1]: Leaving directory '/home/alexge/Workspace/Distributed-System/Spark/01-ML-theory/03-robotics/05-self-driving-car/05-visual-slam/08-imu/standard/build/CMakeFiles/CMakeTmp'
Makefile:126: recipe for target 'cmTC_8583c/fast' failed
make: *** [cmTC_8583c/fast] Error 2


